<?xml version="1.0" encoding="UTF-8"?>
<!-- Generated by org.testng.reporters.JUnitXMLReporter -->
<testsuite ignored="10" hostname="DESKTOP-A8TE1KT" failures="0" tests="0" time="4.22" errors="0" timestamp="2022-01-20T08:29:31 IST">
  <testcase classname="testcases.Assimentselerium" name="uploadingfile" time="0.0">
    <ignored/>
  </testcase> <!-- uploadingfile -->
  <testcase classname="testcases.Assimentselerium" name="mouseover" time="0.0">
    <ignored/>
  </testcase> <!-- mouseover -->
  <testcase classname="testcases.Assimentselerium" name="windowhandlings" time="0.0">
    <ignored/>
  </testcase> <!-- windowhandlings -->
  <testcase classname="testcases.Assimentselerium" name="readingdata" time="0.0">
    <ignored/>
  </testcase> <!-- readingdata -->
  <testcase classname="testcases.Assimentselerium" name="checkbox" time="0.0">
    <ignored/>
  </testcase> <!-- checkbox -->
  <testcase classname="testcases.Assimentselerium" name="dropdownss" time="0.0">
    <ignored/>
  </testcase> <!-- dropdownss -->
  <testcase classname="testcases.Assimentselerium" name="alertshandle" time="0.0">
    <ignored/>
  </testcase> <!-- alertshandle -->
  <testcase classname="testcases.Assimentselerium" name="print" time="0.0">
    <ignored/>
  </testcase> <!-- print -->
  <testcase classname="testcases.Assimentselerium" name="links" time="0.0">
    <ignored/>
  </testcase> <!-- links -->
  <testcase classname="testcases.Assimentselerium" name="scrollingsite" time="0.0">
    <ignored/>
  </testcase> <!-- scrollingsite -->
</testsuite>
